  BinaryLinkList.cpp
E:\桌面\专业学习\C++\数据结构\数据结构练习\二叉树\BinaryLinkList.hpp(80,1): error C2664: “BinaryLinkList<char>::Node::Node(const BinaryLinkList<char>::Node &)”: 无法将参数 1 从“T”转换为“const BinaryLinkList<char>::Node &”
          with
          [
              T=char
          ]
E:\桌面\专业学习\C++\数据结构\数据结构练习\二叉树\BinaryLinkList.hpp(80,1): message : 原因如下: 无法从“T”转换为“const BinaryLinkList<char>::Node”
          with
          [
              T=char
          ]
E:\桌面\专业学习\C++\数据结构\数据结构练习\二叉树\BinaryLinkList.hpp(80,1): message : 无构造函数可以接受源类型，或构造函数重载决策不明确
E:\桌面\专业学习\C++\数据结构\数据结构练习\二叉树\BinaryLinkList.hpp(44,1): message : 参见“BinaryLinkList<char>::Node::Node”的声明
E:\桌面\专业学习\C++\数据结构\数据结构练习\二叉树\BinaryLinkList.hpp(75): message : 在编译 类 模板 成员函数“void BinaryLinkList<char>::preOrderCreate(T,BinaryLinkList<T>::Node *&)”时
          with
          [
              T=char
          ]
E:\桌面\专业学习\C++\数据结构\数据结构练习\二叉树\BinaryLinkList.hpp(69): message : 查看对正在编译的函数 模板 实例化“void BinaryLinkList<char>::preOrderCreate(T,BinaryLinkList<T>::Node *&)”的引用
          with
          [
              T=char
          ]
E:\桌面\专业学习\C++\数据结构\数据结构练习\二叉树\BinaryLinkList.cpp(13): message : 查看对正在编译的 类 模板 实例化“BinaryLinkList<char>”的引用
